<?xml version="1.0" encoding="UTF-8"?>
<!-- Generated by org.testng.reporters.JUnitReportReporter -->
<testsuite hostname="DESKTOP-GQF6IF4" failures="0" tests="1" name="TestofRestAssured.GetRest" time="3.579" errors="0" timestamp="2024-04-28T22:59:10 IST" skipped="0">
  <testcase classname="TestofRestAssured.GetRest" name="test1" time="3.579"/>
</testsuite> <!-- TestofRestAssured.GetRest -->
